<?xml version="1.0" encoding="UTF-8"?>
<!-- Generated by org.testng.reporters.JUnitReportReporter -->
<testsuite skipped="0" hostname="DINESH" name="source.testng.Class2" tests="2" failures="0" timestamp="27 Dec 2021 08:48:47 GMT" time="0.024" errors="0">
  <testcase name="classF" time="0.016" classname="source.testng.Class2"/>
  <testcase name="classE" time="0.008" classname="source.testng.Class2"/>
</testsuite> <!-- source.testng.Class2 -->
