<?xml version="1.0" encoding="UTF-8"?>
<!-- Generated by org.testng.reporters.JUnitReportReporter -->
<testsuite skipped="0" hostname="DINESH" name="org.mnexc.FacebookTestng" tests="2" failures="0" timestamp="27 Dec 2021 09:28:03 GMT" time="1.942" errors="0">
  <testcase name="tc1" time="1.789" classname="org.mnexc.FacebookTestng"/>
  <testcase name="tc02" time="0.153" classname="org.mnexc.FacebookTestng"/>
</testsuite> <!-- org.mnexc.FacebookTestng -->
