<?xml version="1.0" encoding="UTF-8"?>
<!-- Generated by org.testng.reporters.JUnitReportReporter -->
<testsuite skipped="1" hostname="DINESH" name="org.mnexc.TestngConcept" tests="4" failures="0" timestamp="27 Dec 2021 07:39:02 GMT" time="0.071" errors="0">
  <testcase name="tect01" time="0.044" classname="org.mnexc.TestngConcept"/>
  <testcase name="test02" time="0.011" classname="org.mnexc.TestngConcept"/>
  <testcase name="test03" time="0.016" classname="org.mnexc.TestngConcept"/>
  <testcase name="test04" classname="org.mnexc.TestngConcept">
    <skipped/>
  </testcase> <!-- test04 -->
</testsuite> <!-- org.mnexc.TestngConcept -->
