<?xml version="1.0" encoding="UTF-8"?>
<!-- Generated by org.testng.reporters.JUnitReportReporter -->
<testsuite skipped="0" hostname="DINESH" name="source.testng.Class1" tests="3" failures="0" timestamp="27 Dec 2021 08:48:47 GMT" time="0.056" errors="0">
  <testcase name="clasC" time="0.009" classname="source.testng.Class1"/>
  <testcase name="clasA" time="0.040" classname="source.testng.Class1"/>
  <testcase name="clasB" time="0.007" classname="source.testng.Class1"/>
</testsuite> <!-- source.testng.Class1 -->
