<?xml version="1.0" encoding="UTF-8"?>
<!-- Generated by org.testng.reporters.JUnitReportReporter -->
<testsuite skipped="0" hostname="DINESH" name="source.testng.Class3" tests="3" failures="0" timestamp="27 Dec 2021 08:48:47 GMT" time="0.025" errors="0">
  <testcase name="meth987" time="0.008" classname="source.testng.Class3"/>
  <testcase name="meth988" time="0.008" classname="source.testng.Class3"/>
  <testcase name="meth999" time="0.009" classname="source.testng.Class3"/>
</testsuite> <!-- source.testng.Class3 -->
